C:\USERS\ZECA\DESKTOP\RVAU_2\DETECTORBANKNOTES\DEBUG\SOURCE.OBJ
C:\USERS\ZECA\DESKTOP\RVAU_2\DETECTORBANKNOTES\DEBUG\VC110.PDB
C:\USERS\ZECA\DESKTOP\RVAU_2\DETECTORBANKNOTES\DEBUG\DETECTOR.OBJ
C:\USERS\ZECA\DESKTOP\RVAU_2\DETECTORBANKNOTES\DEBUG\IMGOBJECT.OBJ
C:\USERS\ZECA\DESKTOP\RVAU\DETECTORBANKNOTES\DEBUG\DETECTOR.OBJ
C:\USERS\ZECA\DESKTOP\RVAU\DETECTORBANKNOTES\DEBUG\IMGOBJECT.OBJ
C:\USERS\ZECA\DESKTOP\RVAU\DETECTORBANKNOTES\DEBUG\VC110.PDB
C:\USERS\ZECA\DESKTOP\RVAU_2\DETECTORBANKNOTES\DEBUG\DETECTORBANKNOTES.ILK
C:\USERS\ZECA\DESKTOP\RVAU_2\DETECTORBANKNOTES\DEBUG\DETECTORBANKNOTES.EXE
C:\USERS\ZECA\DESKTOP\RVAU_2\DETECTORBANKNOTES\DEBUG\DETECTORBANKNOTES.PDB
C:\Users\zeca\Desktop\rvau\DetectorBankNotes\Debug\Detector.obj
C:\Users\zeca\Desktop\rvau\DetectorBankNotes\Debug\ImgObject.obj
C:\Users\zeca\Desktop\rvau\DetectorBankNotes\Debug\Source.obj
C:\Users\zeca\Desktop\rvau\DetectorBankNotes\Debug\DetectorBankNotes.ilk
C:\Users\zeca\Desktop\rvau\DetectorBankNotes\Debug\cl.command.1.tlog
C:\Users\zeca\Desktop\rvau\DetectorBankNotes\Debug\CL.read.1.tlog
C:\Users\zeca\Desktop\rvau\DetectorBankNotes\Debug\CL.write.1.tlog
C:\Users\zeca\Desktop\rvau\DetectorBankNotes\Debug\link-cvtres.read.1.tlog
C:\Users\zeca\Desktop\rvau\DetectorBankNotes\Debug\link-cvtres.write.1.tlog
C:\Users\zeca\Desktop\rvau\DetectorBankNotes\Debug\link-rc.read.1.tlog
C:\Users\zeca\Desktop\rvau\DetectorBankNotes\Debug\link-rc.write.1.tlog
C:\Users\zeca\Desktop\rvau\DetectorBankNotes\Debug\link.1940-cvtres.read.1.tlog
C:\Users\zeca\Desktop\rvau\DetectorBankNotes\Debug\link.1940-cvtres.write.1.tlog
C:\Users\zeca\Desktop\rvau\DetectorBankNotes\Debug\link.1940-rc.read.1.tlog
C:\Users\zeca\Desktop\rvau\DetectorBankNotes\Debug\link.1940-rc.write.1.tlog
C:\Users\zeca\Desktop\rvau\DetectorBankNotes\Debug\link.1940.read.1.tlog
C:\Users\zeca\Desktop\rvau\DetectorBankNotes\Debug\link.1940.write.1.tlog
C:\Users\zeca\Desktop\rvau\DetectorBankNotes\Debug\link.command.1.tlog
C:\Users\zeca\Desktop\rvau\DetectorBankNotes\Debug\link.read.1.tlog
C:\Users\zeca\Desktop\rvau\DetectorBankNotes\Debug\link.write.1.tlog
C:\Users\zeca\Desktop\rvau\DetectorBankNotes\Debug\vc110.idb
C:\Users\zeca\Desktop\rvau\DetectorBankNotes\Debug\DetectorBankNotes.pdb
C:\Users\zeca\Desktop\rvau\DetectorBankNotes\Debug\vc110.pdb
C:\Users\zeca\Desktop\rvau\DetectorBankNotes\Debug\DetectorBankNotes.exe
