Build started 12/12/2013 12:42:21.
     1>Project "C:\Users\zeca\Desktop\rvau_t3\rvau\DetectorBankNotes\DetectorBankNotes.vcxproj" on node 2 (Build target(s)).
     1>ClCompile:
         C:\Program Files (x86)\Microsoft Visual Studio 11.0\VC\bin\CL.exe /c /IC:\opencv\build\x86\vc11\..\..\include /ZI /nologo /W3 /WX- /Od /Oy- /D WIN32 /D _DEBUG /D _CONSOLE /D _UNICODE /D UNICODE /Gm /EHsc /RTC1 /MDd /GS /fp:precise /Zc:wchar_t /Zc:forScope /Fo"Debug\\" /Fd"Debug\vc110.pdb" /Gd /TP /analyze- /errorReport:prompt Detector.cpp
         Detector.cpp
     1>c:\users\zeca\desktop\rvau_t3\rvau\detectorbanknotes\detector.cpp(76): warning C4018: '<' : signed/unsigned mismatch
     1>c:\users\zeca\desktop\rvau_t3\rvau\detectorbanknotes\detector.cpp(95): warning C4018: '<' : signed/unsigned mismatch
     1>c:\users\zeca\desktop\rvau_t3\rvau\detectorbanknotes\detector.cpp(119): warning C4018: '<' : signed/unsigned mismatch
     1>c:\users\zeca\desktop\rvau_t3\rvau\detectorbanknotes\detector.cpp(134): warning C4018: '<' : signed/unsigned mismatch
     1>c:\users\zeca\desktop\rvau_t3\rvau\detectorbanknotes\detector.cpp(152): warning C4018: '<' : signed/unsigned mismatch
     1>c:\users\zeca\desktop\rvau_t3\rvau\detectorbanknotes\detector.cpp(153): warning C4244: 'argument' : conversion from 'int' to 'float', possible loss of data
     1>c:\users\zeca\desktop\rvau_t3\rvau\detectorbanknotes\detector.cpp(154): warning C4244: 'argument' : conversion from 'int' to 'float', possible loss of data
     1>c:\users\zeca\desktop\rvau_t3\rvau\detectorbanknotes\detector.cpp(155): warning C4244: 'argument' : conversion from 'int' to 'float', possible loss of data
     1>c:\users\zeca\desktop\rvau_t3\rvau\detectorbanknotes\detector.cpp(156): warning C4244: 'argument' : conversion from 'int' to 'float', possible loss of data
     1>c:\users\zeca\desktop\rvau_t3\rvau\detectorbanknotes\detector.cpp(157): warning C4244: 'argument' : conversion from 'int' to 'float', possible loss of data
     1>c:\users\zeca\desktop\rvau_t3\rvau\detectorbanknotes\detector.cpp(158): warning C4244: 'argument' : conversion from 'int' to 'float', possible loss of data
       Link:
         C:\Program Files (x86)\Microsoft Visual Studio 11.0\VC\bin\link.exe /ERRORREPORT:PROMPT /OUT:"C:\Users\zeca\Desktop\rvau_t3\rvau\DetectorBankNotes\Debug\DetectorBankNotes.exe" /INCREMENTAL /NOLOGO /LIBPATH:C:\opencv\build\x86\vc11\lib opencv_calib3d247d.lib opencv_contrib247d.lib opencv_core247d.lib opencv_features2d247d.lib opencv_flann247d.lib opencv_gpu247d.lib opencv_highgui247d.lib opencv_imgproc247d.lib opencv_legacy247d.lib opencv_ml247d.lib opencv_nonfree247d.lib opencv_objdetect247d.lib opencv_photo247d.lib opencv_stitching247d.lib opencv_superres247d.lib opencv_ts247d.lib opencv_video247d.lib opencv_videostab247d.lib kernel32.lib user32.lib gdi32.lib winspool.lib comdlg32.lib advapi32.lib shell32.lib ole32.lib oleaut32.lib uuid.lib odbc32.lib odbccp32.lib /MANIFEST /MANIFESTUAC:"level='asInvoker' uiAccess='false'" /manifest:embed /DEBUG /PDB:"C:\Users\zeca\Desktop\rvau_t3\rvau\DetectorBankNotes\Debug\DetectorBankNotes.pdb" /SUBSYSTEM:CONSOLE /TLBID:1 /DYNAMICBASE /NXCOMPAT /IMPLIB:"C:\Users\zeca\Desktop\rvau_t3\rvau\DetectorBankNotes\Debug\DetectorBankNotes.lib" /MACHINE:X86 Debug\Detector.obj
         Debug\ImgObject.obj
         Debug\Source.obj
         DetectorBankNotes.vcxproj -> C:\Users\zeca\Desktop\rvau_t3\rvau\DetectorBankNotes\Debug\DetectorBankNotes.exe
     1>Done Building Project "C:\Users\zeca\Desktop\rvau_t3\rvau\DetectorBankNotes\DetectorBankNotes.vcxproj" (Build target(s)).

Build succeeded.

Time Elapsed 00:00:02.10
