Build started 07/11/2013 14:09:40.
     1>Project "C:\Users\zeca\Desktop\rvau\BlackJack\BlackJack\BlackJack.vcxproj" on node 2 (Build target(s)).
     1>ClCompile:
         C:\Program Files (x86)\Microsoft Visual Studio 11.0\VC\bin\CL.exe /c /I.\include /Zi /nologo /W3 /WX- /O2 /Oi /Oy- /GL /D _MBCS /Gm- /EHsc /MT /GS /Gy /fp:precise /Zc:wchar_t /Zc:forScope /Fo"Release\\" /Fd"Release\vc110.pdb" /Gd /TP /analyze- /errorReport:prompt BlackJack.cpp Card.cpp Source.cpp
         BlackJack.cpp
     1>BlackJack.cpp(287): warning C4018: '<' : signed/unsigned mismatch
     1>BlackJack.cpp(292): warning C4018: '<' : signed/unsigned mismatch
     1>BlackJack.cpp(313): warning C4018: '<' : signed/unsigned mismatch
     1>BlackJack.cpp(365): warning C4172: returning address of local variable or temporary
         Card.cpp
         Source.cpp
     1>Source.cpp(58): warning C4018: '<' : signed/unsigned mismatch
     1>Source.cpp(135): warning C4018: '<' : signed/unsigned mismatch
     1>Source.cpp(150): warning C4101: 'aux' : unreferenced local variable
     1>Source.cpp(184): warning C4018: '<' : signed/unsigned mismatch
       Link:
         C:\Program Files (x86)\Microsoft Visual Studio 11.0\VC\bin\link.exe /ERRORREPORT:PROMPT /OUT:"C:\Users\zeca\Desktop\rvau\BlackJack\Release\BlackJack.exe" /NOLOGO /LIBPATH:.\lib libAR.lib libARgsub.lib libARvideo.lib opengl32.lib glu32.lib glui32.lib glut32.lib kernel32.lib user32.lib gdi32.lib winspool.lib comdlg32.lib advapi32.lib shell32.lib ole32.lib oleaut32.lib uuid.lib odbc32.lib odbccp32.lib /MANIFEST /MANIFESTUAC:"level='asInvoker' uiAccess='false'" /manifest:embed /DEBUG /PDB:"C:\Users\zeca\Desktop\rvau\BlackJack\Release\BlackJack.pdb" /OPT:REF /OPT:ICF /LTCG /TLBID:1 /DYNAMICBASE /NXCOMPAT /IMPLIB:"C:\Users\zeca\Desktop\rvau\BlackJack\Release\BlackJack.lib" /MACHINE:X86 /SAFESEH Release\BlackJack.obj
         Release\Card.obj
         Release\Pattern.obj
         Release\Source.obj
         Release\RGBpixmap.obj
         Generating code
         Finished generating code
         BlackJack.vcxproj -> C:\Users\zeca\Desktop\rvau\BlackJack\Release\BlackJack.exe
     1>Done Building Project "C:\Users\zeca\Desktop\rvau\BlackJack\BlackJack\BlackJack.vcxproj" (Build target(s)).

Build succeeded.

Time Elapsed 00:00:02.78
