C:\USERS\ZECA\DESKTOP\RVAU\BLACKJACK\BLACKJACK\RELEASE\RGBPIXMAP.OBJ
C:\USERS\ZECA\DESKTOP\RVAU\BLACKJACK\BLACKJACK\RELEASE\CARD.OBJ
C:\USERS\ZECA\DESKTOP\RVAU\BLACKJACK\BLACKJACK\RELEASE\BLACKJACK.OBJ
C:\USERS\ZECA\DESKTOP\RVAU\BLACKJACK\BLACKJACK\RELEASE\SOURCE.OBJ
C:\USERS\ZECA\DESKTOP\RVAU\BLACKJACK\BLACKJACK\RELEASE\VC110.PDB
C:\USERS\ZECA\DESKTOP\RVAU\BLACKJACK\RELEASE\BLACKJACK.EXE
C:\USERS\ZECA\DESKTOP\RVAU\BLACKJACK\RELEASE\BLACKJACK.PDB
C:\Users\zeca\Desktop\rvau\BlackJack\BlackJack\Release\BlackJack.obj
C:\Users\zeca\Desktop\rvau\BlackJack\BlackJack\Release\Card.obj
C:\Users\zeca\Desktop\rvau\BlackJack\BlackJack\Release\RGBpixmap.obj
C:\Users\zeca\Desktop\rvau\BlackJack\BlackJack\Release\Source.obj
C:\Users\zeca\Desktop\rvau\BlackJack\BlackJack\Release\cl.command.1.tlog
C:\Users\zeca\Desktop\rvau\BlackJack\BlackJack\Release\CL.read.1.tlog
C:\Users\zeca\Desktop\rvau\BlackJack\BlackJack\Release\CL.write.1.tlog
C:\Users\zeca\Desktop\rvau\BlackJack\BlackJack\Release\link-cvtres.read.1.tlog
C:\Users\zeca\Desktop\rvau\BlackJack\BlackJack\Release\link-cvtres.write.1.tlog
C:\Users\zeca\Desktop\rvau\BlackJack\BlackJack\Release\link-rc.read.1.tlog
C:\Users\zeca\Desktop\rvau\BlackJack\BlackJack\Release\link-rc.write.1.tlog
C:\Users\zeca\Desktop\rvau\BlackJack\BlackJack\Release\link.command.1.tlog
C:\Users\zeca\Desktop\rvau\BlackJack\BlackJack\Release\link.read.1.tlog
C:\Users\zeca\Desktop\rvau\BlackJack\BlackJack\Release\link.write.1.tlog
C:\Users\zeca\Desktop\rvau\BlackJack\BlackJack\Release\vc110.pdb
C:\Users\zeca\Desktop\rvau\BlackJack\Release\BlackJack.pdb
C:\Users\zeca\Desktop\rvau\BlackJack\Release\BlackJack.exe
